<?xml version="1.0" encoding="UTF-8"?>
<testsuites name="jest tests" tests="1" failures="0" errors="0" time="3.686">
  <testsuite name="undefined" errors="0" failures="0" skipped="0" timestamp="2024-12-14T19:54:21" time="2.33" tests="1">
    <testcase classname=" filters products based on search query" name=" filters products based on search query" time="0.284">
    </testcase>
  </testsuite>
</testsuites>