<?xml version="1.0" encoding="UTF-8"?>
<testsuites name="jest tests" tests="1" failures="0" errors="0" time="1.518">
  <testsuite name="undefined" errors="0" failures="0" skipped="0" timestamp="2024-12-14T18:09:04" time="0.949" tests="1">
    <testcase classname=" filters products based on search query" name=" filters products based on search query" time="0.153">
    </testcase>
  </testsuite>
</testsuites>